<?xml version="1.0" encoding="UTF-8"?>
<testsuite xmlns:xsi="http://www.w3.org/2001/XMLSchema-instance" xsi:noNamespaceSchemaLocation="https://maven.apache.org/surefire/maven-surefire-plugin/xsd/surefire-test-report.xsd" name="com.vasslatam.sakila.services.ArquillianTest" time="45.296" tests="4" errors="0" skipped="0" failures="0">
  <properties>
[...]
</properties>
  <testcase name="rentalfilm" classname="com.vasslatam.sakila.services.ArquillianTest" time="1.587"/>
  <testcase name="findByFilm" classname="com.vasslatam.sakila.services.ArquillianTest" time="0.238"/>
  <testcase name="findActor" classname="com.vasslatam.sakila.services.ArquillianTest" time="0.093"/>
  <testcase name="findCustomer" classname="com.vasslatam.sakila.services.ArquillianTest" time="0.12"/>
</testsuite>